<?xml version="1.0" encoding="UTF-8"?>
<!-- Generated by org.testng.reporters.JUnitXMLReporter -->
<testsuite hostname="Shuvashish" name="Command line test" tests="8" failures="0" timestamp="27 Feb 2018 18:46:26 GMT" time="64.316" errors="0">
  <testcase name="testHomePage" time="6.532" classname="HomePageTest"/>
  <testcase name="testHomePage" time="5.796" classname="HomePageTest"/>
  <testcase name="testHomePage" time="5.53" classname="HomePageTest"/>
  <testcase name="testHomePage" time="5.658" classname="HomePageTest"/>
  <testcase name="testHomePage" time="5.704" classname="HomePageTest"/>
  <testcase name="testHomePage" time="5.72" classname="HomePageTest"/>
  <testcase name="testNavNames" time="5.622" classname="HomePageTest"/>
  <testcase name="navigateToMensShose" time="7.986" classname="pages.men.MensShoesTest"/>
</testsuite> <!-- Command line test -->
