<?xml version="1.0" encoding="UTF-8"?>
<testng-results skipped="0" failed="1" total="8" passed="7">
  <reporter-output>
  </reporter-output>
  <suite name="Command line suite" duration-ms="59803" started-at="2018-02-25T20:14:00Z" finished-at="2018-02-25T20:15:00Z">
    <groups>
      <group name="regression">
        <method signature="HomePageTest.testHomePage(java.lang.String)[pri:0, instance:HomePageTest@3796751b]" name="testHomePage" class="HomePageTest"/>
        <method signature="HomePageTest.testNavNames()[pri:0, instance:HomePageTest@3796751b]" name="testNavNames" class="HomePageTest"/>
        <method signature="MensShoesTest.navigateToMensShose()[pri:0, instance:pages.men.MensShoesTest@67b64c45]" name="navigateToMensShose" class="pages.men.MensShoesTest"/>
      </group> <!-- regression -->
      <group name="smoke">
        <method signature="HomePageTest.testNavNames()[pri:0, instance:HomePageTest@3796751b]" name="testNavNames" class="HomePageTest"/>
      </group> <!-- smoke -->
    </groups>
    <test name="Command line test" duration-ms="59803" started-at="2018-02-25T20:14:00Z" finished-at="2018-02-25T20:15:00Z">
      <class name="pages.men.MensShoesTest">
        <test-method status="PASS" signature="startTestMethod()[pri:0, instance:pages.men.MensShoesTest@67b64c45]" name="startTestMethod" is-config="true" duration-ms="0" started-at="2018-02-25T15:14:51Z" finished-at="2018-02-25T15:14:51Z">
          <reporter-output>
          </reporter-output>
        </test-method> <!-- startTestMethod -->
        <test-method status="FAIL" signature="navigateToMensShose()[pri:0, instance:pages.men.MensShoesTest@67b64c45]" name="navigateToMensShose" duration-ms="5589" started-at="2018-02-25T15:14:51Z" finished-at="2018-02-25T15:14:56Z">
          <exception class="java.util.NoSuchElementException">
            <message>
              <![CDATA[No value present]]>
            </message>
            <full-stacktrace>
              <![CDATA[java.util.NoSuchElementException: No value present
	at java.util.Optional.get(Optional.java:135)
	at pages.HomePage.clickLinkFromTopNavs(HomePage.java:25)
	at pages.men.MensShoesTest.navigateToMensShose(MensShoesTest.java:20)
	at sun.reflect.NativeMethodAccessorImpl.invoke0(Native Method)
	at sun.reflect.NativeMethodAccessorImpl.invoke(NativeMethodAccessorImpl.java:62)
	at sun.reflect.DelegatingMethodAccessorImpl.invoke(DelegatingMethodAccessorImpl.java:43)
	at java.lang.reflect.Method.invoke(Method.java:497)
	at org.testng.internal.MethodInvocationHelper.invokeMethod(MethodInvocationHelper.java:85)
	at org.testng.internal.Invoker.invokeMethod(Invoker.java:639)
	at org.testng.internal.Invoker.invokeTestMethod(Invoker.java:816)
	at org.testng.internal.Invoker.invokeTestMethods(Invoker.java:1124)
	at org.testng.internal.TestMethodWorker.invokeTestMethods(TestMethodWorker.java:125)
	at org.testng.internal.TestMethodWorker.run(TestMethodWorker.java:108)
	at org.testng.TestRunner.privateRun(TestRunner.java:774)
	at org.testng.TestRunner.run(TestRunner.java:624)
	at org.testng.SuiteRunner.runTest(SuiteRunner.java:359)
	at org.testng.SuiteRunner.runSequentially(SuiteRunner.java:354)
	at org.testng.SuiteRunner.privateRun(SuiteRunner.java:312)
	at org.testng.SuiteRunner.run(SuiteRunner.java:261)
	at org.testng.SuiteRunnerWorker.runSuite(SuiteRunnerWorker.java:52)
	at org.testng.SuiteRunnerWorker.run(SuiteRunnerWorker.java:86)
	at org.testng.TestNG.runSuitesSequentially(TestNG.java:1215)
	at org.testng.TestNG.runSuitesLocally(TestNG.java:1140)
	at org.testng.TestNG.run(TestNG.java:1048)
	at org.apache.maven.surefire.testng.TestNGExecutor.run(TestNGExecutor.java:70)
	at org.apache.maven.surefire.testng.TestNGDirectoryTestSuite.executeMulti(TestNGDirectoryTestSuite.java:158)
	at org.apache.maven.surefire.testng.TestNGDirectoryTestSuite.execute(TestNGDirectoryTestSuite.java:98)
	at org.apache.maven.surefire.testng.TestNGProvider.invoke(TestNGProvider.java:111)
	at sun.reflect.NativeMethodAccessorImpl.invoke0(Native Method)
	at sun.reflect.NativeMethodAccessorImpl.invoke(NativeMethodAccessorImpl.java:62)
	at sun.reflect.DelegatingMethodAccessorImpl.invoke(DelegatingMethodAccessorImpl.java:43)
	at java.lang.reflect.Method.invoke(Method.java:497)
	at org.apache.maven.surefire.util.ReflectionUtils.invokeMethodWithArray(ReflectionUtils.java:164)
	at org.apache.maven.surefire.booter.ProviderFactory$ProviderProxy.invoke(ProviderFactory.java:110)
	at org.apache.maven.surefire.booter.SurefireStarter.invokeProvider(SurefireStarter.java:175)
	at org.apache.maven.surefire.booter.SurefireStarter.runSuitesInProcessWhenForked(SurefireStarter.java:107)
	at org.apache.maven.surefire.booter.ForkedBooter.main(ForkedBooter.java:68)
]]>
            </full-stacktrace>
          </exception> <!-- java.util.NoSuchElementException -->
          <reporter-output>
          </reporter-output>
        </test-method> <!-- navigateToMensShose -->
        <test-method status="PASS" signature="tearDownTest()[pri:0, instance:pages.men.MensShoesTest@67b64c45]" name="tearDownTest" is-config="true" duration-ms="2915" started-at="2018-02-25T15:14:57Z" finished-at="2018-02-25T15:15:00Z">
          <reporter-output>
          </reporter-output>
        </test-method> <!-- tearDownTest -->
      </class> <!-- pages.men.MensShoesTest -->
      <class name="base.TestBase">
        <test-method status="PASS" signature="startSuite()[pri:0, instance:base.TestBase@96532d6]" name="startSuite" is-config="true" duration-ms="8" started-at="2018-02-25T15:14:00Z" finished-at="2018-02-25T15:14:00Z">
          <reporter-output>
          </reporter-output>
        </test-method> <!-- startSuite -->
      </class> <!-- base.TestBase -->
      <class name="HomePageTest">
        <test-method status="PASS" signature="testHomePage(java.lang.String)[pri:0, instance:HomePageTest@3796751b]" name="testHomePage" duration-ms="5903" started-at="2018-02-25T15:14:00Z" data-provider="MacysHomePageData" finished-at="2018-02-25T15:14:06Z">
          <params>
            <param index="0">
              <value>
                <![CDATA[Women]]>
              </value>
            </param>
          </params>
          <reporter-output>
          </reporter-output>
        </test-method> <!-- testHomePage -->
        <test-method status="PASS" signature="startTestMethod()[pri:0, instance:HomePageTest@3796751b]" name="startTestMethod" is-config="true" duration-ms="0" started-at="2018-02-25T15:14:00Z" finished-at="2018-02-25T15:14:00Z">
          <reporter-output>
          </reporter-output>
        </test-method> <!-- startTestMethod -->
        <test-method status="PASS" signature="tearDownTest()[pri:0, instance:HomePageTest@3796751b]" name="tearDownTest" is-config="true" duration-ms="2680" started-at="2018-02-25T15:14:06Z" finished-at="2018-02-25T15:14:09Z">
          <reporter-output>
          </reporter-output>
        </test-method> <!-- tearDownTest -->
        <test-method status="PASS" signature="testHomePage(java.lang.String)[pri:0, instance:HomePageTest@3796751b]" name="testHomePage" duration-ms="5100" started-at="2018-02-25T15:14:09Z" data-provider="MacysHomePageData" finished-at="2018-02-25T15:14:14Z">
          <params>
            <param index="0">
              <value>
                <![CDATA[Men]]>
              </value>
            </param>
          </params>
          <reporter-output>
          </reporter-output>
        </test-method> <!-- testHomePage -->
        <test-method status="PASS" signature="startTestMethod()[pri:0, instance:HomePageTest@3796751b]" name="startTestMethod" is-config="true" duration-ms="0" started-at="2018-02-25T15:14:09Z" finished-at="2018-02-25T15:14:09Z">
          <reporter-output>
          </reporter-output>
        </test-method> <!-- startTestMethod -->
        <test-method status="PASS" signature="tearDownTest()[pri:0, instance:HomePageTest@3796751b]" name="tearDownTest" is-config="true" duration-ms="2671" started-at="2018-02-25T15:14:14Z" finished-at="2018-02-25T15:14:16Z">
          <reporter-output>
          </reporter-output>
        </test-method> <!-- tearDownTest -->
        <test-method status="PASS" signature="startTestMethod()[pri:0, instance:HomePageTest@3796751b]" name="startTestMethod" is-config="true" duration-ms="1" started-at="2018-02-25T15:14:16Z" finished-at="2018-02-25T15:14:16Z">
          <reporter-output>
          </reporter-output>
        </test-method> <!-- startTestMethod -->
        <test-method status="PASS" signature="testHomePage(java.lang.String)[pri:0, instance:HomePageTest@3796751b]" name="testHomePage" duration-ms="5668" started-at="2018-02-25T15:14:16Z" data-provider="MacysHomePageData" finished-at="2018-02-25T15:14:22Z">
          <params>
            <param index="0">
              <value>
                <![CDATA[Kids]]>
              </value>
            </param>
          </params>
          <reporter-output>
          </reporter-output>
        </test-method> <!-- testHomePage -->
        <test-method status="PASS" signature="tearDownTest()[pri:0, instance:HomePageTest@3796751b]" name="tearDownTest" is-config="true" duration-ms="688" started-at="2018-02-25T15:14:22Z" finished-at="2018-02-25T15:14:23Z">
          <reporter-output>
          </reporter-output>
        </test-method> <!-- tearDownTest -->
        <test-method status="PASS" signature="testHomePage(java.lang.String)[pri:0, instance:HomePageTest@3796751b]" name="testHomePage" duration-ms="5164" started-at="2018-02-25T15:14:23Z" data-provider="MacysHomePageData" finished-at="2018-02-25T15:14:28Z">
          <params>
            <param index="0">
              <value>
                <![CDATA[Brands]]>
              </value>
            </param>
          </params>
          <reporter-output>
          </reporter-output>
        </test-method> <!-- testHomePage -->
        <test-method status="PASS" signature="startTestMethod()[pri:0, instance:HomePageTest@3796751b]" name="startTestMethod" is-config="true" duration-ms="0" started-at="2018-02-25T15:14:23Z" finished-at="2018-02-25T15:14:23Z">
          <reporter-output>
          </reporter-output>
        </test-method> <!-- startTestMethod -->
        <test-method status="PASS" signature="tearDownTest()[pri:0, instance:HomePageTest@3796751b]" name="tearDownTest" is-config="true" duration-ms="674" started-at="2018-02-25T15:14:28Z" finished-at="2018-02-25T15:14:29Z">
          <reporter-output>
          </reporter-output>
        </test-method> <!-- tearDownTest -->
        <test-method status="PASS" signature="startTestMethod()[pri:0, instance:HomePageTest@3796751b]" name="startTestMethod" is-config="true" duration-ms="1" started-at="2018-02-25T15:14:29Z" finished-at="2018-02-25T15:14:29Z">
          <reporter-output>
          </reporter-output>
        </test-method> <!-- startTestMethod -->
        <test-method status="PASS" signature="testHomePage(java.lang.String)[pri:0, instance:HomePageTest@3796751b]" name="testHomePage" duration-ms="5581" started-at="2018-02-25T15:14:29Z" data-provider="MacysHomePageData" finished-at="2018-02-25T15:14:34Z">
          <params>
            <param index="0">
              <value>
                <![CDATA[Departments]]>
              </value>
            </param>
          </params>
          <reporter-output>
          </reporter-output>
        </test-method> <!-- testHomePage -->
        <test-method status="PASS" signature="tearDownTest()[pri:0, instance:HomePageTest@3796751b]" name="tearDownTest" is-config="true" duration-ms="669" started-at="2018-02-25T15:14:34Z" finished-at="2018-02-25T15:14:35Z">
          <reporter-output>
          </reporter-output>
        </test-method> <!-- tearDownTest -->
        <test-method status="PASS" signature="startTestMethod()[pri:0, instance:HomePageTest@3796751b]" name="startTestMethod" is-config="true" duration-ms="0" started-at="2018-02-25T15:14:35Z" finished-at="2018-02-25T15:14:35Z">
          <reporter-output>
          </reporter-output>
        </test-method> <!-- startTestMethod -->
        <test-method status="PASS" signature="testHomePage(java.lang.String)[pri:0, instance:HomePageTest@3796751b]" name="testHomePage" duration-ms="5252" started-at="2018-02-25T15:14:35Z" data-provider="MacysHomePageData" finished-at="2018-02-25T15:14:40Z">
          <params>
            <param index="0">
              <value>
                <![CDATA[Sale]]>
              </value>
            </param>
          </params>
          <reporter-output>
          </reporter-output>
        </test-method> <!-- testHomePage -->
        <test-method status="PASS" signature="tearDownTest()[pri:0, instance:HomePageTest@3796751b]" name="tearDownTest" is-config="true" duration-ms="2612" started-at="2018-02-25T15:14:40Z" finished-at="2018-02-25T15:14:43Z">
          <reporter-output>
          </reporter-output>
        </test-method> <!-- tearDownTest -->
        <test-method status="PASS" signature="testNavNames()[pri:0, instance:HomePageTest@3796751b]" name="testNavNames" duration-ms="5076" started-at="2018-02-25T15:14:43Z" finished-at="2018-02-25T15:14:48Z">
          <reporter-output>
          </reporter-output>
        </test-method> <!-- testNavNames -->
        <test-method status="PASS" signature="startTestMethod()[pri:0, instance:HomePageTest@3796751b]" name="startTestMethod" is-config="true" duration-ms="0" started-at="2018-02-25T15:14:43Z" finished-at="2018-02-25T15:14:43Z">
          <reporter-output>
          </reporter-output>
        </test-method> <!-- startTestMethod -->
        <test-method status="PASS" signature="tearDownTest()[pri:0, instance:HomePageTest@3796751b]" name="tearDownTest" is-config="true" duration-ms="2923" started-at="2018-02-25T15:14:48Z" finished-at="2018-02-25T15:14:51Z">
          <reporter-output>
          </reporter-output>
        </test-method> <!-- tearDownTest -->
      </class> <!-- HomePageTest -->
    </test> <!-- Command line test -->
  </suite> <!-- Command line suite -->
</testng-results>
