<?xml version="1.0" encoding="UTF-8"?>
<testng-results skipped="0" failed="0" total="8" passed="8">
  <reporter-output>
  </reporter-output>
  <suite name="Command line suite" duration-ms="64316" started-at="2018-02-27T18:45:22Z" finished-at="2018-02-27T18:46:26Z">
    <groups>
      <group name="regression">
        <method signature="HomePageTest.testHomePage(java.lang.String)[pri:0, instance:HomePageTest@3796751b]" name="testHomePage" class="HomePageTest"/>
        <method signature="HomePageTest.testNavNames()[pri:0, instance:HomePageTest@3796751b]" name="testNavNames" class="HomePageTest"/>
        <method signature="MensShoesTest.navigateToMensShose()[pri:0, instance:pages.men.MensShoesTest@67b64c45]" name="navigateToMensShose" class="pages.men.MensShoesTest"/>
      </group> <!-- regression -->
      <group name="smoke">
        <method signature="HomePageTest.testNavNames()[pri:0, instance:HomePageTest@3796751b]" name="testNavNames" class="HomePageTest"/>
      </group> <!-- smoke -->
    </groups>
    <test name="Command line test" duration-ms="64316" started-at="2018-02-27T18:45:22Z" finished-at="2018-02-27T18:46:26Z">
      <class name="pages.men.MensShoesTest">
        <test-method status="PASS" signature="navigateToMensShose()[pri:0, instance:pages.men.MensShoesTest@67b64c45]" name="navigateToMensShose" duration-ms="7986" started-at="2018-02-27T13:46:15Z" finished-at="2018-02-27T13:46:23Z">
          <reporter-output>
          </reporter-output>
        </test-method> <!-- navigateToMensShose -->
        <test-method status="PASS" signature="startTestMethod()[pri:0, instance:pages.men.MensShoesTest@67b64c45]" name="startTestMethod" is-config="true" duration-ms="0" started-at="2018-02-27T13:46:15Z" finished-at="2018-02-27T13:46:15Z">
          <reporter-output>
          </reporter-output>
        </test-method> <!-- startTestMethod -->
        <test-method status="PASS" signature="tearDownTest()[pri:0, instance:pages.men.MensShoesTest@67b64c45]" name="tearDownTest" is-config="true" duration-ms="2689" started-at="2018-02-27T13:46:23Z" finished-at="2018-02-27T13:46:26Z">
          <reporter-output>
          </reporter-output>
        </test-method> <!-- tearDownTest -->
      </class> <!-- pages.men.MensShoesTest -->
      <class name="base.TestBase">
        <test-method status="PASS" signature="startSuite()[pri:0, instance:base.TestBase@96532d6]" name="startSuite" is-config="true" duration-ms="7" started-at="2018-02-27T13:45:22Z" finished-at="2018-02-27T13:45:22Z">
          <reporter-output>
          </reporter-output>
        </test-method> <!-- startSuite -->
      </class> <!-- base.TestBase -->
      <class name="HomePageTest">
        <test-method status="PASS" signature="testHomePage(java.lang.String)[pri:0, instance:HomePageTest@3796751b]" name="testHomePage" duration-ms="6532" started-at="2018-02-27T13:45:22Z" data-provider="MacysHomePageData" finished-at="2018-02-27T13:45:28Z">
          <params>
            <param index="0">
              <value>
                <![CDATA[Women]]>
              </value>
            </param>
          </params>
          <reporter-output>
          </reporter-output>
        </test-method> <!-- testHomePage -->
        <test-method status="PASS" signature="startTestMethod()[pri:0, instance:HomePageTest@3796751b]" name="startTestMethod" is-config="true" duration-ms="0" started-at="2018-02-27T13:45:22Z" finished-at="2018-02-27T13:45:22Z">
          <reporter-output>
          </reporter-output>
        </test-method> <!-- startTestMethod -->
        <test-method status="PASS" signature="tearDownTest()[pri:0, instance:HomePageTest@3796751b]" name="tearDownTest" is-config="true" duration-ms="722" started-at="2018-02-27T13:45:28Z" finished-at="2018-02-27T13:45:29Z">
          <reporter-output>
          </reporter-output>
        </test-method> <!-- tearDownTest -->
        <test-method status="PASS" signature="testHomePage(java.lang.String)[pri:0, instance:HomePageTest@3796751b]" name="testHomePage" duration-ms="5796" started-at="2018-02-27T13:45:29Z" data-provider="MacysHomePageData" finished-at="2018-02-27T13:45:35Z">
          <params>
            <param index="0">
              <value>
                <![CDATA[Men]]>
              </value>
            </param>
          </params>
          <reporter-output>
          </reporter-output>
        </test-method> <!-- testHomePage -->
        <test-method status="PASS" signature="startTestMethod()[pri:0, instance:HomePageTest@3796751b]" name="startTestMethod" is-config="true" duration-ms="0" started-at="2018-02-27T13:45:29Z" finished-at="2018-02-27T13:45:29Z">
          <reporter-output>
          </reporter-output>
        </test-method> <!-- startTestMethod -->
        <test-method status="PASS" signature="tearDownTest()[pri:0, instance:HomePageTest@3796751b]" name="tearDownTest" is-config="true" duration-ms="707" started-at="2018-02-27T13:45:35Z" finished-at="2018-02-27T13:45:35Z">
          <reporter-output>
          </reporter-output>
        </test-method> <!-- tearDownTest -->
        <test-method status="PASS" signature="startTestMethod()[pri:0, instance:HomePageTest@3796751b]" name="startTestMethod" is-config="true" duration-ms="1" started-at="2018-02-27T13:45:35Z" finished-at="2018-02-27T13:45:35Z">
          <reporter-output>
          </reporter-output>
        </test-method> <!-- startTestMethod -->
        <test-method status="PASS" signature="testHomePage(java.lang.String)[pri:0, instance:HomePageTest@3796751b]" name="testHomePage" duration-ms="5530" started-at="2018-02-27T13:45:35Z" data-provider="MacysHomePageData" finished-at="2018-02-27T13:45:41Z">
          <params>
            <param index="0">
              <value>
                <![CDATA[Kids]]>
              </value>
            </param>
          </params>
          <reporter-output>
          </reporter-output>
        </test-method> <!-- testHomePage -->
        <test-method status="PASS" signature="tearDownTest()[pri:0, instance:HomePageTest@3796751b]" name="tearDownTest" is-config="true" duration-ms="2681" started-at="2018-02-27T13:45:41Z" finished-at="2018-02-27T13:45:44Z">
          <reporter-output>
          </reporter-output>
        </test-method> <!-- tearDownTest -->
        <test-method status="PASS" signature="testHomePage(java.lang.String)[pri:0, instance:HomePageTest@3796751b]" name="testHomePage" duration-ms="5658" started-at="2018-02-27T13:45:44Z" data-provider="MacysHomePageData" finished-at="2018-02-27T13:45:49Z">
          <params>
            <param index="0">
              <value>
                <![CDATA[Brands]]>
              </value>
            </param>
          </params>
          <reporter-output>
          </reporter-output>
        </test-method> <!-- testHomePage -->
        <test-method status="PASS" signature="startTestMethod()[pri:0, instance:HomePageTest@3796751b]" name="startTestMethod" is-config="true" duration-ms="0" started-at="2018-02-27T13:45:44Z" finished-at="2018-02-27T13:45:44Z">
          <reporter-output>
          </reporter-output>
        </test-method> <!-- startTestMethod -->
        <test-method status="PASS" signature="tearDownTest()[pri:0, instance:HomePageTest@3796751b]" name="tearDownTest" is-config="true" duration-ms="2688" started-at="2018-02-27T13:45:49Z" finished-at="2018-02-27T13:45:52Z">
          <reporter-output>
          </reporter-output>
        </test-method> <!-- tearDownTest -->
        <test-method status="PASS" signature="startTestMethod()[pri:0, instance:HomePageTest@3796751b]" name="startTestMethod" is-config="true" duration-ms="1" started-at="2018-02-27T13:45:52Z" finished-at="2018-02-27T13:45:52Z">
          <reporter-output>
          </reporter-output>
        </test-method> <!-- startTestMethod -->
        <test-method status="PASS" signature="testHomePage(java.lang.String)[pri:0, instance:HomePageTest@3796751b]" name="testHomePage" duration-ms="5704" started-at="2018-02-27T13:45:52Z" data-provider="MacysHomePageData" finished-at="2018-02-27T13:45:58Z">
          <params>
            <param index="0">
              <value>
                <![CDATA[Departments]]>
              </value>
            </param>
          </params>
          <reporter-output>
          </reporter-output>
        </test-method> <!-- testHomePage -->
        <test-method status="PASS" signature="tearDownTest()[pri:0, instance:HomePageTest@3796751b]" name="tearDownTest" is-config="true" duration-ms="701" started-at="2018-02-27T13:45:58Z" finished-at="2018-02-27T13:45:58Z">
          <reporter-output>
          </reporter-output>
        </test-method> <!-- tearDownTest -->
        <test-method status="PASS" signature="startTestMethod()[pri:0, instance:HomePageTest@3796751b]" name="startTestMethod" is-config="true" duration-ms="0" started-at="2018-02-27T13:45:58Z" finished-at="2018-02-27T13:45:58Z">
          <reporter-output>
          </reporter-output>
        </test-method> <!-- startTestMethod -->
        <test-method status="PASS" signature="testHomePage(java.lang.String)[pri:0, instance:HomePageTest@3796751b]" name="testHomePage" duration-ms="5720" started-at="2018-02-27T13:45:58Z" data-provider="MacysHomePageData" finished-at="2018-02-27T13:46:04Z">
          <params>
            <param index="0">
              <value>
                <![CDATA[Sale]]>
              </value>
            </param>
          </params>
          <reporter-output>
          </reporter-output>
        </test-method> <!-- testHomePage -->
        <test-method status="PASS" signature="tearDownTest()[pri:0, instance:HomePageTest@3796751b]" name="tearDownTest" is-config="true" duration-ms="2656" started-at="2018-02-27T13:46:04Z" finished-at="2018-02-27T13:46:07Z">
          <reporter-output>
          </reporter-output>
        </test-method> <!-- tearDownTest -->
        <test-method status="PASS" signature="startTestMethod()[pri:0, instance:HomePageTest@3796751b]" name="startTestMethod" is-config="true" duration-ms="1" started-at="2018-02-27T13:46:07Z" finished-at="2018-02-27T13:46:07Z">
          <reporter-output>
          </reporter-output>
        </test-method> <!-- startTestMethod -->
        <test-method status="PASS" signature="testNavNames()[pri:0, instance:HomePageTest@3796751b]" name="testNavNames" duration-ms="5622" started-at="2018-02-27T13:46:07Z" finished-at="2018-02-27T13:46:12Z">
          <reporter-output>
          </reporter-output>
        </test-method> <!-- testNavNames -->
        <test-method status="PASS" signature="tearDownTest()[pri:0, instance:HomePageTest@3796751b]" name="tearDownTest" is-config="true" duration-ms="2900" started-at="2018-02-27T13:46:12Z" finished-at="2018-02-27T13:46:15Z">
          <reporter-output>
          </reporter-output>
        </test-method> <!-- tearDownTest -->
      </class> <!-- HomePageTest -->
    </test> <!-- Command line test -->
  </suite> <!-- Command line suite -->
</testng-results>
