<?xml version="1.0" encoding="UTF-8" ?>
<testsuite tests="8" failures="1" name="TestSuite" time="60.245" errors="0" skipped="0">
  <properties>
[...]
</properties>
  <testcase classname="HomePageTest" name="testHomePage" time="5.902"/>
  <testcase classname="HomePageTest" name="testHomePage" time="5.1"/>
  <testcase classname="HomePageTest" name="testHomePage" time="5.668"/>
  <testcase classname="HomePageTest" name="testHomePage" time="5.163"/>
  <testcase classname="HomePageTest" name="testHomePage" time="5.579"/>
  <testcase classname="HomePageTest" name="testHomePage" time="5.252"/>
  <testcase classname="HomePageTest" name="testNavNames" time="5.075"/>
  <testcase classname="pages.men.MensShoesTest" name="navigateToMensShose" time="6.205">
    <failure message="No value present" type="java.util.NoSuchElementException">java.util.NoSuchElementException: No value present
	at java.util.Optional.get(Optional.java:135)
	at pages.HomePage.clickLinkFromTopNavs(HomePage.java:25)
	at pages.men.MensShoesTest.navigateToMensShose(MensShoesTest.java:20)
</failure>
    <system-out>Women
Men
Kids
Departments
Brands
Sale
test failed navigateToMensShose
</system-out>
    <system-err>Starting ChromeDriver 2.33.506120 (e3e53437346286c0bc2d2dc9aa4915ba81d9023f) on port 47019
Only local connections are allowed.
Feb 25, 2018 3:14:53 PM org.openqa.selenium.remote.ProtocolHandshake createSession
INFO: Detected dialect: OSS
</system-err>
  </testcase>
</testsuite>